<?xml version="1.0" encoding="UTF-8"?>
<Site BuildName="(empty)"
	BuildStamp="20231028-0513-Experimental"
	Name="sj-ROG-MAXIMUS-XI-HERO"
	Generator="ctest-3.27.7"
	CompilerName="/usr/bin/g++"
	CompilerVersion="9.4.0"
	OSName="Linux"
	Hostname="sj-ROG-MAXIMUS-XI-HERO"
	OSRelease="5.15.0-87-generic"
	OSVersion="#97~20.04.1-Ubuntu SMP Thu Oct 5 08:25:28 UTC 2023"
	OSPlatform="x86_64"
	Is64Bits="1"
	VendorString="GenuineIntel"
	VendorID="Intel Corporation"
	FamilyID="6"
	ModelID="158"
	ProcessorCacheSize="16384"
	NumberOfLogicalCPU="16"
	NumberOfPhysicalCPU="8"
	TotalVirtualMemory="2047"
	TotalPhysicalMemory="31999"
	LogicalProcessorsPerPhysical="2"
	ProcessorClockFrequency="3600"
	>
	<Testing>
		<StartDateTime>Oct 28 14:13 KST</StartDateTime>
		<StartTestTime>1698470002</StartTestTime>
		<TestList/>
		<EndDateTime>Oct 28 14:13 KST</EndDateTime>
		<EndTestTime>1698470002</EndTestTime>
		<ElapsedMinutes>0</ElapsedMinutes>
	</Testing>
</Site>
